2024.08.26 16:00:09 INFO  Started: Metals version 1.3.5 in folders '/Users/Samuel/Desktop/Coding Projects/czechblogplay' for client Visual Studio Code 1.69.1.
SLF4J(W): Class path contains multiple SLF4J providers.
SLF4J(W): Found provider [scribe.slf4j.ScribeServiceProvider@5d44b4c1]
SLF4J(W): Found provider [ch.qos.logback.classic.spi.LogbackServiceProvider@699ab9c8]
SLF4J(W): See https://www.slf4j.org/codes.html#multiple_bindings for an explanation.
SLF4J(I): Actual provider is of type [scribe.slf4j.ScribeServiceProvider@5d44b4c1]
2024.08.26 16:00:09 WARN  Flyway upgrade recommended: H2 2.3.230 is newer than this version of Flyway and support has not been tested. The latest supported version of H2 is 2.2.220.
2024.08.26 16:00:20 INFO  no build target found for /Users/Samuel/Desktop/Coding Projects/czechblogplay/app/controllers/HomeController.scala. Using presentation compiler with project's scala-library version: 3.3.3
2024.08.26 16:00:24 INFO  no build target found for /Users/Samuel/Desktop/Coding Projects/czechblogplay/app/controllers/HomeController.scala. Using presentation compiler with project's scala-library version: 3.3.3
2024.08.26 16:01:12 INFO  no build target found for /Users/Samuel/Desktop/Coding Projects/czechblogplay/app/controllers/HomeController.scala. Using presentation compiler with project's scala-library version: 3.3.3
2024.08.26 16:01:20 INFO  no build target found for /Users/Samuel/Desktop/Coding Projects/czechblogplay/app/controllers/HomeController.scala. Using presentation compiler with project's scala-library version: 3.3.3
Aug 26, 2024 4:09:02 PM org.eclipse.lsp4j.jsonrpc.services.GenericEndpoint notify
INFO: Unsupported notification method: $/setTrace
2024.08.26 16:17:47 INFO  no build target found for /Users/Samuel/Desktop/Coding Projects/czechblogplay/app/controllers/HomeController.scala. Using presentation compiler with project's scala-library version: 3.3.3
2024.08.26 16:17:48 INFO  no build target found for /Users/Samuel/Desktop/Coding Projects/czechblogplay/app/controllers/HomeController.scala. Using presentation compiler with project's scala-library version: 3.3.3
2024.08.26 16:17:48 INFO  no build target found for /Users/Samuel/Desktop/Coding Projects/czechblogplay/app/controllers/HomeController.scala. Using presentation compiler with project's scala-library version: 3.3.3
2024.08.26 16:17:50 INFO  no build target found for /Users/Samuel/Desktop/Coding Projects/czechblogplay/app/controllers/HomeController.scala. Using presentation compiler with project's scala-library version: 3.3.3
2024.08.26 16:17:50 INFO  no build target found for /Users/Samuel/Desktop/Coding Projects/czechblogplay/app/controllers/HomeController.scala. Using presentation compiler with project's scala-library version: 3.3.3
2024.08.26 16:17:52 INFO  no build target found for /Users/Samuel/Desktop/Coding Projects/czechblogplay/app/controllers/HomeController.scala. Using presentation compiler with project's scala-library version: 3.3.3
2024.08.26 16:17:52 INFO  no build target found for /Users/Samuel/Desktop/Coding Projects/czechblogplay/app/controllers/HomeController.scala. Using presentation compiler with project's scala-library version: 3.3.3
2024.08.26 16:17:52 INFO  no build target found for /Users/Samuel/Desktop/Coding Projects/czechblogplay/app/controllers/HomeController.scala. Using presentation compiler with project's scala-library version: 3.3.3
2024.08.26 16:17:52 INFO  no build target found for /Users/Samuel/Desktop/Coding Projects/czechblogplay/app/controllers/HomeController.scala. Using presentation compiler with project's scala-library version: 3.3.3
2024.08.26 16:17:52 INFO  no build target found for /Users/Samuel/Desktop/Coding Projects/czechblogplay/app/controllers/HomeController.scala. Using presentation compiler with project's scala-library version: 3.3.3
2024.08.26 16:17:52 INFO  no build target found for /Users/Samuel/Desktop/Coding Projects/czechblogplay/app/controllers/HomeController.scala. Using presentation compiler with project's scala-library version: 3.3.3
2024.08.26 16:17:52 INFO  no build target found for /Users/Samuel/Desktop/Coding Projects/czechblogplay/app/controllers/HomeController.scala. Using presentation compiler with project's scala-library version: 3.3.3
2024.08.26 16:17:52 INFO  no build target found for /Users/Samuel/Desktop/Coding Projects/czechblogplay/app/controllers/HomeController.scala. Using presentation compiler with project's scala-library version: 3.3.3
2024.08.26 16:17:52 INFO  no build target found for /Users/Samuel/Desktop/Coding Projects/czechblogplay/app/controllers/HomeController.scala. Using presentation compiler with project's scala-library version: 3.3.3
2024.08.26 16:17:52 INFO  no build target found for /Users/Samuel/Desktop/Coding Projects/czechblogplay/app/controllers/HomeController.scala. Using presentation compiler with project's scala-library version: 3.3.3
2024.08.26 16:17:53 INFO  no build target found for /Users/Samuel/Desktop/Coding Projects/czechblogplay/app/controllers/HomeController.scala. Using presentation compiler with project's scala-library version: 3.3.3
2024.08.26 16:17:53 INFO  no build target found for /Users/Samuel/Desktop/Coding Projects/czechblogplay/app/controllers/HomeController.scala. Using presentation compiler with project's scala-library version: 3.3.3
2024.08.26 16:17:53 INFO  no build target found for /Users/Samuel/Desktop/Coding Projects/czechblogplay/app/controllers/HomeController.scala. Using presentation compiler with project's scala-library version: 3.3.3
2024.08.26 16:17:53 INFO  no build target found for /Users/Samuel/Desktop/Coding Projects/czechblogplay/app/controllers/HomeController.scala. Using presentation compiler with project's scala-library version: 3.3.3
2024.08.26 16:17:54 WARN  no build target for: /Users/Samuel/Desktop/Coding Projects/czechblogplay/app/controllers/HomeController.scala
2024.08.26 16:17:54 INFO  no build target found for /Users/Samuel/Desktop/Coding Projects/czechblogplay/app/controllers/HomeController.scala. Using presentation compiler with project's scala-library version: 3.3.3
2024.08.26 16:17:54 INFO  no build target found for /Users/Samuel/Desktop/Coding Projects/czechblogplay/app/controllers/HomeController.scala. Using presentation compiler with project's scala-library version: 3.3.3
2024.08.26 16:18:21 INFO  no build target found for /Users/Samuel/Desktop/Coding Projects/czechblogplay/app/controllers/HomeController.scala. Using presentation compiler with project's scala-library version: 3.3.3
2024.08.26 16:18:21 INFO  no build target found for /Users/Samuel/Desktop/Coding Projects/czechblogplay/app/controllers/HomeController.scala. Using presentation compiler with project's scala-library version: 3.3.3
2024.08.26 16:18:21 INFO  no build target found for /Users/Samuel/Desktop/Coding Projects/czechblogplay/app/controllers/HomeController.scala. Using presentation compiler with project's scala-library version: 3.3.3
2024.08.26 16:18:23 INFO  no build target found for /Users/Samuel/Desktop/Coding Projects/czechblogplay/app/controllers/HomeController.scala. Using presentation compiler with project's scala-library version: 3.3.3
2024.08.26 16:18:23 INFO  no build target found for /Users/Samuel/Desktop/Coding Projects/czechblogplay/app/controllers/HomeController.scala. Using presentation compiler with project's scala-library version: 3.3.3
2024.08.26 16:18:23 INFO  no build target found for /Users/Samuel/Desktop/Coding Projects/czechblogplay/app/controllers/HomeController.scala. Using presentation compiler with project's scala-library version: 3.3.3
2024.08.26 16:18:23 INFO  no build target found for /Users/Samuel/Desktop/Coding Projects/czechblogplay/app/controllers/HomeController.scala. Using presentation compiler with project's scala-library version: 3.3.3
2024.08.26 16:18:24 WARN  no build target for: /Users/Samuel/Desktop/Coding Projects/czechblogplay/app/controllers/HomeController.scala
2024.08.26 16:18:24 INFO  no build target found for /Users/Samuel/Desktop/Coding Projects/czechblogplay/app/controllers/HomeController.scala. Using presentation compiler with project's scala-library version: 3.3.3
2024.08.26 16:18:24 INFO  no build target found for /Users/Samuel/Desktop/Coding Projects/czechblogplay/app/controllers/HomeController.scala. Using presentation compiler with project's scala-library version: 3.3.3
2024.08.26 16:18:33 INFO  no build target found for /Users/Samuel/Desktop/Coding Projects/czechblogplay/app/controllers/HomeController.scala. Using presentation compiler with project's scala-library version: 3.3.3
2024.08.26 16:18:33 INFO  no build target found for /Users/Samuel/Desktop/Coding Projects/czechblogplay/app/controllers/HomeController.scala. Using presentation compiler with project's scala-library version: 3.3.3
2024.08.26 16:18:33 INFO  no build target found for /Users/Samuel/Desktop/Coding Projects/czechblogplay/app/controllers/HomeController.scala. Using presentation compiler with project's scala-library version: 3.3.3
2024.08.26 16:18:34 INFO  no build target found for /Users/Samuel/Desktop/Coding Projects/czechblogplay/app/controllers/HomeController.scala. Using presentation compiler with project's scala-library version: 3.3.3
2024.08.26 16:18:34 WARN  no build target for: /Users/Samuel/Desktop/Coding Projects/czechblogplay/app/controllers/HomeController.scala
2024.08.26 16:18:34 INFO  no build target found for /Users/Samuel/Desktop/Coding Projects/czechblogplay/app/controllers/HomeController.scala. Using presentation compiler with project's scala-library version: 3.3.3
2024.08.26 16:18:34 INFO  no build target found for /Users/Samuel/Desktop/Coding Projects/czechblogplay/app/controllers/HomeController.scala. Using presentation compiler with project's scala-library version: 3.3.3
2024.08.26 16:18:35 INFO  no build target found for /Users/Samuel/Desktop/Coding Projects/czechblogplay/app/controllers/HomeController.scala. Using presentation compiler with project's scala-library version: 3.3.3
2024.08.26 16:18:34 INFO  no build target found for /Users/Samuel/Desktop/Coding Projects/czechblogplay/app/controllers/HomeController.scala. Using presentation compiler with project's scala-library version: 3.3.3
2024.08.26 16:18:36 WARN  no build target for: /Users/Samuel/Desktop/Coding Projects/czechblogplay/app/controllers/HomeController.scala
2024.08.26 16:18:36 INFO  no build target found for /Users/Samuel/Desktop/Coding Projects/czechblogplay/app/controllers/HomeController.scala. Using presentation compiler with project's scala-library version: 3.3.3
2024.08.26 16:18:36 INFO  no build target found for /Users/Samuel/Desktop/Coding Projects/czechblogplay/app/controllers/HomeController.scala. Using presentation compiler with project's scala-library version: 3.3.3
2024.08.26 16:18:36 INFO  no build target found for /Users/Samuel/Desktop/Coding Projects/czechblogplay/app/controllers/HomeController.scala. Using presentation compiler with project's scala-library version: 3.3.3
2024.08.26 16:18:49 INFO  no build target found for /Users/Samuel/Desktop/Coding Projects/czechblogplay/app/controllers/HomeController.scala. Using presentation compiler with project's scala-library version: 3.3.3
2024.08.26 16:18:49 INFO  no build target found for /Users/Samuel/Desktop/Coding Projects/czechblogplay/app/controllers/HomeController.scala. Using presentation compiler with project's scala-library version: 3.3.3
2024.08.26 16:18:49 INFO  no build target found for /Users/Samuel/Desktop/Coding Projects/czechblogplay/app/controllers/HomeController.scala. Using presentation compiler with project's scala-library version: 3.3.3
2024.08.26 16:18:51 INFO  no build target found for /Users/Samuel/Desktop/Coding Projects/czechblogplay/app/controllers/HomeController.scala. Using presentation compiler with project's scala-library version: 3.3.3
2024.08.26 16:18:51 INFO  no build target found for /Users/Samuel/Desktop/Coding Projects/czechblogplay/app/controllers/HomeController.scala. Using presentation compiler with project's scala-library version: 3.3.3
2024.08.26 16:18:52 INFO  no build target found for /Users/Samuel/Desktop/Coding Projects/czechblogplay/app/controllers/HomeController.scala. Using presentation compiler with project's scala-library version: 3.3.3
2024.08.26 16:18:52 INFO  no build target found for /Users/Samuel/Desktop/Coding Projects/czechblogplay/app/controllers/HomeController.scala. Using presentation compiler with project's scala-library version: 3.3.3
2024.08.26 16:18:57 INFO  no build target found for /Users/Samuel/Desktop/Coding Projects/czechblogplay/app/controllers/HomeController.scala. Using presentation compiler with project's scala-library version: 3.3.3
2024.08.26 16:18:57 INFO  no build target found for /Users/Samuel/Desktop/Coding Projects/czechblogplay/app/controllers/HomeController.scala. Using presentation compiler with project's scala-library version: 3.3.3
2024.08.26 16:18:57 INFO  no build target found for /Users/Samuel/Desktop/Coding Projects/czechblogplay/app/controllers/HomeController.scala. Using presentation compiler with project's scala-library version: 3.3.3
2024.08.26 16:18:57 INFO  no build target found for /Users/Samuel/Desktop/Coding Projects/czechblogplay/app/controllers/HomeController.scala. Using presentation compiler with project's scala-library version: 3.3.3
2024.08.26 16:18:57 INFO  no build target found for /Users/Samuel/Desktop/Coding Projects/czechblogplay/app/controllers/HomeController.scala. Using presentation compiler with project's scala-library version: 3.3.3
2024.08.26 16:18:57 INFO  no build target found for /Users/Samuel/Desktop/Coding Projects/czechblogplay/app/controllers/HomeController.scala. Using presentation compiler with project's scala-library version: 3.3.3
2024.08.26 16:18:57 INFO  no build target found for /Users/Samuel/Desktop/Coding Projects/czechblogplay/app/controllers/HomeController.scala. Using presentation compiler with project's scala-library version: 3.3.3
2024.08.26 16:18:57 INFO  no build target found for /Users/Samuel/Desktop/Coding Projects/czechblogplay/app/controllers/HomeController.scala. Using presentation compiler with project's scala-library version: 3.3.3
2024.08.26 16:18:57 INFO  no build target found for /Users/Samuel/Desktop/Coding Projects/czechblogplay/app/controllers/HomeController.scala. Using presentation compiler with project's scala-library version: 3.3.3
2024.08.26 16:18:57 INFO  no build target found for /Users/Samuel/Desktop/Coding Projects/czechblogplay/app/controllers/HomeController.scala. Using presentation compiler with project's scala-library version: 3.3.3
2024.08.26 16:18:58 INFO  no build target found for /Users/Samuel/Desktop/Coding Projects/czechblogplay/app/controllers/HomeController.scala. Using presentation compiler with project's scala-library version: 3.3.3
2024.08.26 16:18:58 INFO  no build target found for /Users/Samuel/Desktop/Coding Projects/czechblogplay/app/controllers/HomeController.scala. Using presentation compiler with project's scala-library version: 3.3.3
2024.08.26 16:18:58 INFO  no build target found for /Users/Samuel/Desktop/Coding Projects/czechblogplay/app/controllers/HomeController.scala. Using presentation compiler with project's scala-library version: 3.3.3
2024.08.26 16:18:58 INFO  no build target found for /Users/Samuel/Desktop/Coding Projects/czechblogplay/app/controllers/HomeController.scala. Using presentation compiler with project's scala-library version: 3.3.3
2024.08.26 16:18:59 INFO  no build target found for /Users/Samuel/Desktop/Coding Projects/czechblogplay/app/controllers/HomeController.scala. Using presentation compiler with project's scala-library version: 3.3.3
2024.08.26 16:18:58 INFO  no build target found for /Users/Samuel/Desktop/Coding Projects/czechblogplay/app/controllers/HomeController.scala. Using presentation compiler with project's scala-library version: 3.3.3
2024.08.26 16:18:58 INFO  no build target found for /Users/Samuel/Desktop/Coding Projects/czechblogplay/app/controllers/HomeController.scala. Using presentation compiler with project's scala-library version: 3.3.3
2024.08.26 16:18:59 INFO  no build target found for /Users/Samuel/Desktop/Coding Projects/czechblogplay/app/controllers/HomeController.scala. Using presentation compiler with project's scala-library version: 3.3.3
2024.08.26 16:19:00 WARN  no build target for: /Users/Samuel/Desktop/Coding Projects/czechblogplay/app/controllers/HomeController.scala
2024.08.26 16:18:59 INFO  no build target found for /Users/Samuel/Desktop/Coding Projects/czechblogplay/app/controllers/HomeController.scala. Using presentation compiler with project's scala-library version: 3.3.3
2024.08.26 16:19:00 INFO  no build target found for /Users/Samuel/Desktop/Coding Projects/czechblogplay/app/controllers/HomeController.scala. Using presentation compiler with project's scala-library version: 3.3.3
2024.08.26 16:21:03 INFO  no build target found for /Users/Samuel/Desktop/Coding Projects/czechblogplay/app/controllers/HomeController.scala. Using presentation compiler with project's scala-library version: 3.3.3
2024.08.26 16:21:04 INFO  no build target found for /Users/Samuel/Desktop/Coding Projects/czechblogplay/app/controllers/HomeController.scala. Using presentation compiler with project's scala-library version: 3.3.3
2024.08.26 16:21:04 INFO  no build target found for /Users/Samuel/Desktop/Coding Projects/czechblogplay/app/controllers/HomeController.scala. Using presentation compiler with project's scala-library version: 3.3.3
2024.08.26 16:21:05 INFO  no build target found for /Users/Samuel/Desktop/Coding Projects/czechblogplay/app/controllers/HomeController.scala. Using presentation compiler with project's scala-library version: 3.3.3
2024.08.26 16:21:05 INFO  no build target found for /Users/Samuel/Desktop/Coding Projects/czechblogplay/app/controllers/HomeController.scala. Using presentation compiler with project's scala-library version: 3.3.3
2024.08.26 16:21:05 INFO  no build target found for /Users/Samuel/Desktop/Coding Projects/czechblogplay/app/controllers/HomeController.scala. Using presentation compiler with project's scala-library version: 3.3.3
2024.08.26 16:21:05 INFO  no build target found for /Users/Samuel/Desktop/Coding Projects/czechblogplay/app/controllers/HomeController.scala. Using presentation compiler with project's scala-library version: 3.3.3
2024.08.26 16:21:06 INFO  no build target found for /Users/Samuel/Desktop/Coding Projects/czechblogplay/app/controllers/HomeController.scala. Using presentation compiler with project's scala-library version: 3.3.3
2024.08.26 16:21:06 WARN  no build target for: /Users/Samuel/Desktop/Coding Projects/czechblogplay/app/controllers/HomeController.scala
2024.08.26 16:21:06 INFO  no build target found for /Users/Samuel/Desktop/Coding Projects/czechblogplay/app/controllers/HomeController.scala. Using presentation compiler with project's scala-library version: 3.3.3
2024.08.26 16:21:17 INFO  no build target found for /Users/Samuel/Desktop/Coding Projects/czechblogplay/app/controllers/HomeController.scala. Using presentation compiler with project's scala-library version: 3.3.3
2024.08.26 16:22:02 INFO  no build target found for /Users/Samuel/Desktop/Coding Projects/czechblogplay/app/controllers/HomeController.scala. Using presentation compiler with project's scala-library version: 3.3.3
2024.08.26 16:22:02 INFO  no build target found for /Users/Samuel/Desktop/Coding Projects/czechblogplay/app/controllers/HomeController.scala. Using presentation compiler with project's scala-library version: 3.3.3
2024.08.26 16:22:02 INFO  no build target found for /Users/Samuel/Desktop/Coding Projects/czechblogplay/app/controllers/HomeController.scala. Using presentation compiler with project's scala-library version: 3.3.3
2024.08.26 16:22:03 INFO  no build target found for /Users/Samuel/Desktop/Coding Projects/czechblogplay/app/controllers/HomeController.scala. Using presentation compiler with project's scala-library version: 3.3.3
2024.08.26 16:22:06 INFO  no build target found for /Users/Samuel/Desktop/Coding Projects/czechblogplay/app/controllers/HomeController.scala. Using presentation compiler with project's scala-library version: 3.3.3
2024.08.26 16:22:08 INFO  no build target found for /Users/Samuel/Desktop/Coding Projects/czechblogplay/app/controllers/HomeController.scala. Using presentation compiler with project's scala-library version: 3.3.3
2024.08.26 16:22:08 INFO  no build target found for /Users/Samuel/Desktop/Coding Projects/czechblogplay/app/controllers/HomeController.scala. Using presentation compiler with project's scala-library version: 3.3.3
2024.08.26 16:22:08 INFO  no build target found for /Users/Samuel/Desktop/Coding Projects/czechblogplay/app/controllers/HomeController.scala. Using presentation compiler with project's scala-library version: 3.3.3
2024.08.26 16:22:09 WARN  no build target for: /Users/Samuel/Desktop/Coding Projects/czechblogplay/app/controllers/HomeController.scala
2024.08.26 16:22:09 INFO  no build target found for /Users/Samuel/Desktop/Coding Projects/czechblogplay/app/controllers/HomeController.scala. Using presentation compiler with project's scala-library version: 3.3.3
2024.08.26 16:22:09 INFO  no build target found for /Users/Samuel/Desktop/Coding Projects/czechblogplay/app/controllers/HomeController.scala. Using presentation compiler with project's scala-library version: 3.3.3
2024.08.26 16:22:09 INFO  no build target found for /Users/Samuel/Desktop/Coding Projects/czechblogplay/app/controllers/HomeController.scala. Using presentation compiler with project's scala-library version: 3.3.3
2024.08.26 16:22:09 INFO  no build target found for /Users/Samuel/Desktop/Coding Projects/czechblogplay/app/controllers/HomeController.scala. Using presentation compiler with project's scala-library version: 3.3.3
2024.08.26 16:22:10 INFO  no build target found for /Users/Samuel/Desktop/Coding Projects/czechblogplay/app/controllers/HomeController.scala. Using presentation compiler with project's scala-library version: 3.3.3
2024.08.26 16:22:09 INFO  no build target found for /Users/Samuel/Desktop/Coding Projects/czechblogplay/app/controllers/HomeController.scala. Using presentation compiler with project's scala-library version: 3.3.3
2024.08.26 16:22:09 INFO  no build target found for /Users/Samuel/Desktop/Coding Projects/czechblogplay/app/controllers/HomeController.scala. Using presentation compiler with project's scala-library version: 3.3.3
2024.08.26 16:22:09 INFO  no build target found for /Users/Samuel/Desktop/Coding Projects/czechblogplay/app/controllers/HomeController.scala. Using presentation compiler with project's scala-library version: 3.3.3
2024.08.26 16:22:10 INFO  no build target found for /Users/Samuel/Desktop/Coding Projects/czechblogplay/app/controllers/HomeController.scala. Using presentation compiler with project's scala-library version: 3.3.3
2024.08.26 16:22:11 INFO  no build target found for /Users/Samuel/Desktop/Coding Projects/czechblogplay/app/controllers/HomeController.scala. Using presentation compiler with project's scala-library version: 3.3.3
2024.08.26 16:22:10 INFO  no build target found for /Users/Samuel/Desktop/Coding Projects/czechblogplay/app/controllers/HomeController.scala. Using presentation compiler with project's scala-library version: 3.3.3
2024.08.26 16:22:11 INFO  no build target found for /Users/Samuel/Desktop/Coding Projects/czechblogplay/app/controllers/HomeController.scala. Using presentation compiler with project's scala-library version: 3.3.3
2024.08.26 16:22:11 INFO  no build target found for /Users/Samuel/Desktop/Coding Projects/czechblogplay/app/controllers/HomeController.scala. Using presentation compiler with project's scala-library version: 3.3.3
2024.08.26 16:22:12 WARN  no build target for: /Users/Samuel/Desktop/Coding Projects/czechblogplay/app/controllers/HomeController.scala
2024.08.26 16:22:12 INFO  no build target found for /Users/Samuel/Desktop/Coding Projects/czechblogplay/app/controllers/HomeController.scala. Using presentation compiler with project's scala-library version: 3.3.3
2024.08.26 16:22:17 INFO  no build target found for /Users/Samuel/Desktop/Coding Projects/czechblogplay/app/controllers/HomeController.scala. Using presentation compiler with project's scala-library version: 3.3.3
2024.08.26 16:22:18 INFO  no build target found for /Users/Samuel/Desktop/Coding Projects/czechblogplay/app/controllers/HomeController.scala. Using presentation compiler with project's scala-library version: 3.3.3
2024.08.26 16:24:12 INFO  no build target found for /Users/Samuel/Desktop/Coding Projects/czechblogplay/app/controllers/HomeController.scala. Using presentation compiler with project's scala-library version: 3.3.3
2024.08.26 16:24:12 INFO  no build target found for /Users/Samuel/Desktop/Coding Projects/czechblogplay/app/controllers/HomeController.scala. Using presentation compiler with project's scala-library version: 3.3.3
2024.08.26 16:24:12 INFO  no build target found for /Users/Samuel/Desktop/Coding Projects/czechblogplay/app/controllers/HomeController.scala. Using presentation compiler with project's scala-library version: 3.3.3
2024.08.26 16:24:13 INFO  no build target found for /Users/Samuel/Desktop/Coding Projects/czechblogplay/app/controllers/HomeController.scala. Using presentation compiler with project's scala-library version: 3.3.3
2024.08.26 16:24:13 INFO  no build target found for /Users/Samuel/Desktop/Coding Projects/czechblogplay/app/controllers/HomeController.scala. Using presentation compiler with project's scala-library version: 3.3.3
2024.08.26 16:24:13 INFO  no build target found for /Users/Samuel/Desktop/Coding Projects/czechblogplay/app/controllers/HomeController.scala. Using presentation compiler with project's scala-library version: 3.3.3
2024.08.26 16:24:16 INFO  no build target found for /Users/Samuel/Desktop/Coding Projects/czechblogplay/app/controllers/HomeController.scala. Using presentation compiler with project's scala-library version: 3.3.3
2024.08.26 16:24:16 INFO  no build target found for /Users/Samuel/Desktop/Coding Projects/czechblogplay/app/controllers/HomeController.scala. Using presentation compiler with project's scala-library version: 3.3.3
2024.08.26 16:24:17 INFO  no build target found for /Users/Samuel/Desktop/Coding Projects/czechblogplay/app/controllers/HomeController.scala. Using presentation compiler with project's scala-library version: 3.3.3
2024.08.26 16:24:17 WARN  no build target for: /Users/Samuel/Desktop/Coding Projects/czechblogplay/app/controllers/HomeController.scala
2024.08.26 16:24:18 INFO  no build target found for /Users/Samuel/Desktop/Coding Projects/czechblogplay/app/controllers/HomeController.scala. Using presentation compiler with project's scala-library version: 3.3.3
2024.08.26 16:24:17 INFO  no build target found for /Users/Samuel/Desktop/Coding Projects/czechblogplay/app/controllers/HomeController.scala. Using presentation compiler with project's scala-library version: 3.3.3
2024.08.26 16:24:18 INFO  no build target found for /Users/Samuel/Desktop/Coding Projects/czechblogplay/app/controllers/HomeController.scala. Using presentation compiler with project's scala-library version: 3.3.3
2024.08.26 16:24:18 INFO  no build target found for /Users/Samuel/Desktop/Coding Projects/czechblogplay/app/controllers/HomeController.scala. Using presentation compiler with project's scala-library version: 3.3.3
2024.08.26 16:24:18 INFO  no build target found for /Users/Samuel/Desktop/Coding Projects/czechblogplay/app/controllers/HomeController.scala. Using presentation compiler with project's scala-library version: 3.3.3
2024.08.26 16:24:18 INFO  no build target found for /Users/Samuel/Desktop/Coding Projects/czechblogplay/app/controllers/HomeController.scala. Using presentation compiler with project's scala-library version: 3.3.3
2024.08.26 16:24:18 INFO  no build target found for /Users/Samuel/Desktop/Coding Projects/czechblogplay/app/controllers/HomeController.scala. Using presentation compiler with project's scala-library version: 3.3.3
2024.08.26 16:24:19 INFO  no build target found for /Users/Samuel/Desktop/Coding Projects/czechblogplay/app/controllers/HomeController.scala. Using presentation compiler with project's scala-library version: 3.3.3
2024.08.26 16:24:19 INFO  no build target found for /Users/Samuel/Desktop/Coding Projects/czechblogplay/app/controllers/HomeController.scala. Using presentation compiler with project's scala-library version: 3.3.3
2024.08.26 16:24:19 INFO  no build target found for /Users/Samuel/Desktop/Coding Projects/czechblogplay/app/controllers/HomeController.scala. Using presentation compiler with project's scala-library version: 3.3.3
2024.08.26 16:24:19 INFO  no build target found for /Users/Samuel/Desktop/Coding Projects/czechblogplay/app/controllers/HomeController.scala. Using presentation compiler with project's scala-library version: 3.3.3
2024.08.26 16:24:19 INFO  no build target found for /Users/Samuel/Desktop/Coding Projects/czechblogplay/app/controllers/HomeController.scala. Using presentation compiler with project's scala-library version: 3.3.3
2024.08.26 16:24:20 WARN  no build target for: /Users/Samuel/Desktop/Coding Projects/czechblogplay/app/controllers/HomeController.scala
2024.08.26 16:24:20 INFO  no build target found for /Users/Samuel/Desktop/Coding Projects/czechblogplay/app/controllers/HomeController.scala. Using presentation compiler with project's scala-library version: 3.3.3
2024.08.26 16:24:20 INFO  no build target found for /Users/Samuel/Desktop/Coding Projects/czechblogplay/app/controllers/HomeController.scala. Using presentation compiler with project's scala-library version: 3.3.3
2024.08.26 16:24:21 INFO  no build target found for /Users/Samuel/Desktop/Coding Projects/czechblogplay/app/controllers/HomeController.scala. Using presentation compiler with project's scala-library version: 3.3.3
2024.08.26 16:24:21 INFO  no build target found for /Users/Samuel/Desktop/Coding Projects/czechblogplay/app/controllers/HomeController.scala. Using presentation compiler with project's scala-library version: 3.3.3
2024.08.26 16:24:21 INFO  no build target found for /Users/Samuel/Desktop/Coding Projects/czechblogplay/app/controllers/HomeController.scala. Using presentation compiler with project's scala-library version: 3.3.3
2024.08.26 16:24:21 INFO  no build target found for /Users/Samuel/Desktop/Coding Projects/czechblogplay/app/controllers/HomeController.scala. Using presentation compiler with project's scala-library version: 3.3.3
2024.08.26 16:24:21 INFO  no build target found for /Users/Samuel/Desktop/Coding Projects/czechblogplay/app/controllers/HomeController.scala. Using presentation compiler with project's scala-library version: 3.3.3
2024.08.26 16:24:21 INFO  no build target found for /Users/Samuel/Desktop/Coding Projects/czechblogplay/app/controllers/HomeController.scala. Using presentation compiler with project's scala-library version: 3.3.3
2024.08.26 16:24:21 INFO  no build target found for /Users/Samuel/Desktop/Coding Projects/czechblogplay/app/controllers/HomeController.scala. Using presentation compiler with project's scala-library version: 3.3.3
2024.08.26 16:24:21 INFO  no build target found for /Users/Samuel/Desktop/Coding Projects/czechblogplay/app/controllers/HomeController.scala. Using presentation compiler with project's scala-library version: 3.3.3
2024.08.26 16:24:21 INFO  no build target found for /Users/Samuel/Desktop/Coding Projects/czechblogplay/app/controllers/HomeController.scala. Using presentation compiler with project's scala-library version: 3.3.3
2024.08.26 16:24:22 INFO  no build target found for /Users/Samuel/Desktop/Coding Projects/czechblogplay/app/controllers/HomeController.scala. Using presentation compiler with project's scala-library version: 3.3.3
2024.08.26 16:24:22 INFO  no build target found for /Users/Samuel/Desktop/Coding Projects/czechblogplay/app/controllers/HomeController.scala. Using presentation compiler with project's scala-library version: 3.3.3
2024.08.26 16:24:22 INFO  no build target found for /Users/Samuel/Desktop/Coding Projects/czechblogplay/app/controllers/HomeController.scala. Using presentation compiler with project's scala-library version: 3.3.3
2024.08.26 16:24:22 INFO  no build target found for /Users/Samuel/Desktop/Coding Projects/czechblogplay/app/controllers/HomeController.scala. Using presentation compiler with project's scala-library version: 3.3.3
2024.08.26 16:24:22 INFO  no build target found for /Users/Samuel/Desktop/Coding Projects/czechblogplay/app/controllers/HomeController.scala. Using presentation compiler with project's scala-library version: 3.3.3
2024.08.26 16:24:22 INFO  no build target found for /Users/Samuel/Desktop/Coding Projects/czechblogplay/app/controllers/HomeController.scala. Using presentation compiler with project's scala-library version: 3.3.3
2024.08.26 16:24:22 INFO  no build target found for /Users/Samuel/Desktop/Coding Projects/czechblogplay/app/controllers/HomeController.scala. Using presentation compiler with project's scala-library version: 3.3.3
2024.08.26 16:24:22 INFO  no build target found for /Users/Samuel/Desktop/Coding Projects/czechblogplay/app/controllers/HomeController.scala. Using presentation compiler with project's scala-library version: 3.3.3
2024.08.26 16:24:22 INFO  no build target found for /Users/Samuel/Desktop/Coding Projects/czechblogplay/app/controllers/HomeController.scala. Using presentation compiler with project's scala-library version: 3.3.3
2024.08.26 16:24:22 INFO  no build target found for /Users/Samuel/Desktop/Coding Projects/czechblogplay/app/controllers/HomeController.scala. Using presentation compiler with project's scala-library version: 3.3.3
2024.08.26 16:24:22 INFO  no build target found for /Users/Samuel/Desktop/Coding Projects/czechblogplay/app/controllers/HomeController.scala. Using presentation compiler with project's scala-library version: 3.3.3
2024.08.26 16:24:22 INFO  no build target found for /Users/Samuel/Desktop/Coding Projects/czechblogplay/app/controllers/HomeController.scala. Using presentation compiler with project's scala-library version: 3.3.3
2024.08.26 16:24:22 INFO  no build target found for /Users/Samuel/Desktop/Coding Projects/czechblogplay/app/controllers/HomeController.scala. Using presentation compiler with project's scala-library version: 3.3.3
2024.08.26 16:24:23 INFO  no build target found for /Users/Samuel/Desktop/Coding Projects/czechblogplay/app/controllers/HomeController.scala. Using presentation compiler with project's scala-library version: 3.3.3
2024.08.26 16:24:24 WARN  no build target for: /Users/Samuel/Desktop/Coding Projects/czechblogplay/app/controllers/HomeController.scala
2024.08.26 16:24:24 INFO  no build target found for /Users/Samuel/Desktop/Coding Projects/czechblogplay/app/controllers/HomeController.scala. Using presentation compiler with project's scala-library version: 3.3.3
2024.08.26 16:24:24 INFO  no build target found for /Users/Samuel/Desktop/Coding Projects/czechblogplay/app/controllers/HomeController.scala. Using presentation compiler with project's scala-library version: 3.3.3
2024.08.26 16:24:56 INFO  no build target found for /Users/Samuel/Desktop/Coding Projects/czechblogplay/app/controllers/HomeController.scala. Using presentation compiler with project's scala-library version: 3.3.3
2024.08.26 16:24:56 INFO  no build target found for /Users/Samuel/Desktop/Coding Projects/czechblogplay/app/controllers/HomeController.scala. Using presentation compiler with project's scala-library version: 3.3.3
2024.08.26 16:24:57 INFO  no build target found for /Users/Samuel/Desktop/Coding Projects/czechblogplay/app/controllers/HomeController.scala. Using presentation compiler with project's scala-library version: 3.3.3
2024.08.26 16:24:58 INFO  no build target found for /Users/Samuel/Desktop/Coding Projects/czechblogplay/app/controllers/HomeController.scala. Using presentation compiler with project's scala-library version: 3.3.3
2024.08.26 16:24:57 INFO  no build target found for /Users/Samuel/Desktop/Coding Projects/czechblogplay/app/controllers/HomeController.scala. Using presentation compiler with project's scala-library version: 3.3.3
2024.08.26 16:24:58 INFO  no build target found for /Users/Samuel/Desktop/Coding Projects/czechblogplay/app/controllers/HomeController.scala. Using presentation compiler with project's scala-library version: 3.3.3
2024.08.26 16:24:58 INFO  no build target found for /Users/Samuel/Desktop/Coding Projects/czechblogplay/app/controllers/HomeController.scala. Using presentation compiler with project's scala-library version: 3.3.3
2024.08.26 16:24:59 WARN  no build target for: /Users/Samuel/Desktop/Coding Projects/czechblogplay/app/controllers/HomeController.scala
2024.08.26 16:24:59 INFO  no build target found for /Users/Samuel/Desktop/Coding Projects/czechblogplay/app/controllers/HomeController.scala. Using presentation compiler with project's scala-library version: 3.3.3
2024.08.26 16:24:59 INFO  no build target found for /Users/Samuel/Desktop/Coding Projects/czechblogplay/app/controllers/HomeController.scala. Using presentation compiler with project's scala-library version: 3.3.3
2024.08.26 16:25:00 INFO  no build target found for /Users/Samuel/Desktop/Coding Projects/czechblogplay/app/controllers/HomeController.scala. Using presentation compiler with project's scala-library version: 3.3.3
2024.08.26 16:24:59 INFO  no build target found for /Users/Samuel/Desktop/Coding Projects/czechblogplay/app/controllers/HomeController.scala. Using presentation compiler with project's scala-library version: 3.3.3
2024.08.26 16:25:01 WARN  no build target for: /Users/Samuel/Desktop/Coding Projects/czechblogplay/app/controllers/HomeController.scala
2024.08.26 16:25:01 INFO  no build target found for /Users/Samuel/Desktop/Coding Projects/czechblogplay/app/controllers/HomeController.scala. Using presentation compiler with project's scala-library version: 3.3.3
2024.08.26 16:25:08 INFO  no build target found for /Users/Samuel/Desktop/Coding Projects/czechblogplay/app/controllers/HomeController.scala. Using presentation compiler with project's scala-library version: 3.3.3
2024.08.26 16:25:08 INFO  no build target found for /Users/Samuel/Desktop/Coding Projects/czechblogplay/app/controllers/HomeController.scala. Using presentation compiler with project's scala-library version: 3.3.3
2024.08.26 16:25:10 INFO  no build target found for /Users/Samuel/Desktop/Coding Projects/czechblogplay/app/controllers/HomeController.scala. Using presentation compiler with project's scala-library version: 3.3.3
2024.08.26 16:25:10 INFO  no build target found for /Users/Samuel/Desktop/Coding Projects/czechblogplay/app/controllers/HomeController.scala. Using presentation compiler with project's scala-library version: 3.3.3
2024.08.26 16:25:12 INFO  no build target found for /Users/Samuel/Desktop/Coding Projects/czechblogplay/app/controllers/HomeController.scala. Using presentation compiler with project's scala-library version: 3.3.3
2024.08.26 16:25:12 INFO  no build target found for /Users/Samuel/Desktop/Coding Projects/czechblogplay/app/controllers/HomeController.scala. Using presentation compiler with project's scala-library version: 3.3.3
2024.08.26 16:25:12 INFO  no build target found for /Users/Samuel/Desktop/Coding Projects/czechblogplay/app/controllers/HomeController.scala. Using presentation compiler with project's scala-library version: 3.3.3
2024.08.26 16:25:13 WARN  no build target for: /Users/Samuel/Desktop/Coding Projects/czechblogplay/app/controllers/HomeController.scala
2024.08.26 16:25:13 INFO  no build target found for /Users/Samuel/Desktop/Coding Projects/czechblogplay/app/controllers/HomeController.scala. Using presentation compiler with project's scala-library version: 3.3.3
2024.08.26 16:25:13 INFO  no build target found for /Users/Samuel/Desktop/Coding Projects/czechblogplay/app/controllers/HomeController.scala. Using presentation compiler with project's scala-library version: 3.3.3
2024.08.26 16:47:42 INFO  no build target found for /Users/Samuel/Desktop/Coding Projects/czechblogplay/app/controllers/HomeController.scala. Using presentation compiler with project's scala-library version: 3.3.3
2024.08.26 16:51:11 INFO  no build target found for /Users/Samuel/Desktop/Coding Projects/czechblogplay/app/controllers/HomeController.scala. Using presentation compiler with project's scala-library version: 3.3.3
2024.09.04 13:27:19 INFO  Started: Metals version 1.3.5 in folders '/Users/Samuel/Desktop/Coding Projects/czechblogplay' for client Visual Studio Code 1.69.1.
SLF4J(W): Class path contains multiple SLF4J providers.
SLF4J(W): Found provider [scribe.slf4j.ScribeServiceProvider@4f0a435a]
SLF4J(W): Found provider [ch.qos.logback.classic.spi.LogbackServiceProvider@1c9dca9]
SLF4J(W): See https://www.slf4j.org/codes.html#multiple_bindings for an explanation.
SLF4J(I): Actual provider is of type [scribe.slf4j.ScribeServiceProvider@4f0a435a]
2024.09.04 13:27:23 WARN  Flyway upgrade recommended: H2 2.3.230 is newer than this version of Flyway and support has not been tested. The latest supported version of H2 is 2.2.220.
2024.09.04 13:27:32 INFO  running '/Users/Samuel/.sdkman/candidates/sbt/current/bin/sbt -Dbloop.export-jar-classifiers=sources bloopInstall'
2024.09.04 13:27:32 WARN  no build target for: /Users/Samuel/Desktop/Coding Projects/czechblogplay/project/metals.sbt
2024.09.04 13:27:32 WARN  no build target for: /Users/Samuel/Desktop/Coding Projects/czechblogplay/project/project/metals.sbt
2024.09.04 13:27:32 WARN  no build target for: /Users/Samuel/Desktop/Coding Projects/czechblogplay/project/metals.sbt
2024.09.04 13:27:32 WARN  no build target for: /Users/Samuel/Desktop/Coding Projects/czechblogplay/project/project/metals.sbt
2024.09.04 13:27:32 INFO  no build target found for /Users/Samuel/Desktop/Coding Projects/czechblogplay/project/project/metals.sbt. Using presentation compiler with project's scala-library version: 3.3.3
2024.09.04 13:27:34 INFO  [info] welcome to sbt 1.10.1 (Oracle Corporation Java 17.0.4.1)
2024.09.04 13:27:35 INFO  no build target found for /Users/Samuel/Desktop/Coding Projects/czechblogplay/project/metals.sbt. Using presentation compiler with project's scala-library version: 3.3.3
2024.09.04 13:27:36 INFO  [info] loading settings for project czechblogplay-build-build-build from metals.sbt ...
2024.09.04 13:27:36 INFO  [info] loading project definition from /Users/Samuel/Desktop/Coding Projects/czechblogplay/project/project/project
2024.09.04 13:27:39 INFO  [info] loading settings for project czechblogplay-build-build from metals.sbt ...
2024.09.04 13:27:39 INFO  [info] loading project definition from /Users/Samuel/Desktop/Coding Projects/czechblogplay/project/project
2024.09.04 13:27:47 INFO  [success] Generated .bloop/czechblogplay-build-build.json
2024.09.04 13:27:47 INFO  [success] Total time: 8 s, completed Sep 4, 2024, 1:27:47 PM
2024.09.04 13:27:49 INFO  [info] loading settings for project czechblogplay-build from metals.sbt,plugins.sbt ...
2024.09.04 13:27:49 INFO  [info] loading project definition from /Users/Samuel/Desktop/Coding Projects/czechblogplay/project
2024.09.04 13:27:55 WARN  no build target for: /Users/Samuel/Desktop/Coding Projects/czechblogplay/project/metals.sbt
2024.09.04 13:27:59 WARN  no build target for: /Users/Samuel/Desktop/Coding Projects/czechblogplay/project/project/metals.sbt
2024.09.04 13:28:11 INFO  [success] Generated .bloop/czechblogplay-build.json
2024.09.04 13:28:11 INFO  [success] Total time: 23 s, completed Sep 4, 2024, 1:28:12 PM
2024.09.04 13:28:16 INFO  [info] loading settings for project root from build.sbt ...
2024.09.04 13:28:16 INFO  [info]   __              __
2024.09.04 13:28:16 INFO  [info]   \ \     ____   / /____ _ __  __
2024.09.04 13:28:16 INFO  [info]    \ \   / __ \ / // __ `// / / /
2024.09.04 13:28:16 INFO  [info]    / /  / /_/ // // /_/ // /_/ /
2024.09.04 13:28:16 INFO  [info]   /_/  / .___//_/ \__,_/ \__, /
2024.09.04 13:28:16 INFO  [info]       /_/               /____/
2024.09.04 13:28:16 INFO  [info] 
2024.09.04 13:28:16 INFO  [info] Version 3.0.5 running Java 17.0.4.1
2024.09.04 13:28:16 INFO  [info] 
2024.09.04 13:28:16 INFO  [info] Play is run entirely by the community. Please consider contributing and/or donating:
2024.09.04 13:28:16 INFO  [info] https://www.playframework.com/sponsors
2024.09.04 13:28:16 INFO  [info] 
2024.09.04 13:28:43 INFO  [success] Generated .bloop/root.json
2024.09.04 13:28:43 INFO  [success] Generated .bloop/root-test.json
2024.09.04 13:28:43 INFO  [success] Total time: 26 s, completed Sep 4, 2024, 1:28:43 PM
2024.09.04 13:28:43 INFO  time: ran 'sbt bloopInstall' in 1m11s
2024.09.04 13:28:43 INFO  Attempting to connect to the build server...
2024.09.04 13:28:54 INFO  tracing is disabled for protocol BSP, to enable tracing of incoming and outgoing JSON messages create an empty file at /Users/Samuel/Desktop/Coding Projects/czechblogplay/.metals/bsp.trace.json or /Users/Samuel/Library/Caches/org.scalameta.metals/bsp.trace.json
2024.09.04 13:29:14 ERROR Timeout waiting for 'build/initialize' response
2024.09.04 13:29:14 WARN  Retrying connection to the build server Bloop
2024.09.04 13:29:14 INFO  tracing is disabled for protocol BSP, to enable tracing of incoming and outgoing JSON messages create an empty file at /Users/Samuel/Desktop/Coding Projects/czechblogplay/.metals/bsp.trace.json or /Users/Samuel/Library/Caches/org.scalameta.metals/bsp.trace.json
2024.09.04 13:29:14 INFO  Attempting to connect to the build server...
2024.09.04 13:29:14 INFO  Attempting to connect to the build server...
2024.09.04 13:29:14 INFO  tracing is disabled for protocol BSP, to enable tracing of incoming and outgoing JSON messages create an empty file at /Users/Samuel/Desktop/Coding Projects/czechblogplay/project/project/.metals/bsp.trace.json or /Users/Samuel/Library/Caches/org.scalameta.metals/bsp.trace.json
2024.09.04 13:29:14 INFO  tracing is disabled for protocol BSP, to enable tracing of incoming and outgoing JSON messages create an empty file at /Users/Samuel/Desktop/Coding Projects/czechblogplay/project/.metals/bsp.trace.json or /Users/Samuel/Library/Caches/org.scalameta.metals/bsp.trace.json
2024.09.04 13:29:34 ERROR Timeout waiting for 'build/initialize' response
2024.09.04 13:29:34 ERROR Timeout waiting for 'build/initialize' response
2024.09.04 13:29:34 WARN  Retrying connection to the build server Bloop
2024.09.04 13:29:34 WARN  Retrying connection to the build server Bloop
2024.09.04 13:29:34 INFO  tracing is disabled for protocol BSP, to enable tracing of incoming and outgoing JSON messages create an empty file at /Users/Samuel/Desktop/Coding Projects/czechblogplay/project/project/.metals/bsp.trace.json or /Users/Samuel/Library/Caches/org.scalameta.metals/bsp.trace.json
2024.09.04 13:29:34 INFO  tracing is disabled for protocol BSP, to enable tracing of incoming and outgoing JSON messages create an empty file at /Users/Samuel/Desktop/Coding Projects/czechblogplay/project/.metals/bsp.trace.json or /Users/Samuel/Library/Caches/org.scalameta.metals/bsp.trace.json
2024.09.04 13:29:54 ERROR Timeout waiting for 'build/initialize' response
2024.09.04 13:29:54 ERROR Timeout waiting for 'build/initialize' response
2024.09.04 13:29:54 WARN  Retrying connection to the build server Bloop
2024.09.04 13:29:54 WARN  Retrying connection to the build server Bloop
2024.09.04 13:29:54 INFO  tracing is disabled for protocol BSP, to enable tracing of incoming and outgoing JSON messages create an empty file at /Users/Samuel/Desktop/Coding Projects/czechblogplay/project/project/.metals/bsp.trace.json or /Users/Samuel/Library/Caches/org.scalameta.metals/bsp.trace.json
2024.09.04 13:29:54 INFO  tracing is disabled for protocol BSP, to enable tracing of incoming and outgoing JSON messages create an empty file at /Users/Samuel/Desktop/Coding Projects/czechblogplay/project/.metals/bsp.trace.json or /Users/Samuel/Library/Caches/org.scalameta.metals/bsp.trace.json
2024.09.04 13:30:01 INFO  time: Connected to build server in 1m18s
2024.09.04 13:30:01 INFO  Connected to Build server: Bloop v1.6.0
2024.09.04 13:30:01 INFO  time: Imported build in 0.21s
2024.09.04 13:30:02 INFO  running doctor check
2024.09.04 13:30:02 INFO  java targets: czechblogplay-build-build, root-test, root, czechblogplay-build
2024.09.04 13:30:18 WARN  Flyway upgrade recommended: H2 2.3.230 is newer than this version of Flyway and support has not been tested. The latest supported version of H2 is 2.2.220.
2024.09.04 13:30:41 INFO  time: indexed workspace in 39s
2024.09.04 13:43:45 INFO  compiling root (8 scala sources and 1 java source)
2024.09.04 13:43:52 INFO  Deduplicating compilation of root from bsp client 'Metals 1.3.5' (since 14m 38.462s)
2024.09.04 13:43:52 INFO  compiling root (8 scala sources and 1 java source)
2024.09.04 13:43:54 WARN  javac exited with exit code 1
2024.09.04 13:43:54 WARN  javac exited with exit code 1
2024.09.04 13:43:54 INFO  time: compiled root in 1.25s
2024.09.04 13:52:40 INFO  compiling root (8 scala sources and 1 java source)
2024.09.04 13:52:45 WARN  javac exited with exit code 1
2024.09.04 13:52:45 INFO  time: compiled root in 4.77s
2024.09.04 13:55:47 INFO  no build target found for /Users/Samuel/Desktop/Coding Projects/czechblogplay/build.sc. Using presentation compiler with project's scala-library version: 2.13.14
2024.09.04 13:55:47 INFO  no build target found for /Users/Samuel/Desktop/Coding Projects/czechblogplay/build.sc. Using presentation compiler with project's scala-library version: 2.13.14
2024.09.04 13:55:48 INFO  no build target found for /Users/Samuel/Desktop/Coding Projects/czechblogplay/build.sc. Using presentation compiler with project's scala-library version: 2.13.14
2024.09.04 13:55:52 INFO  no build target found for /Users/Samuel/Desktop/Coding Projects/czechblogplay/build.sc. Using presentation compiler with project's scala-library version: 2.13.14
2024.09.04 13:55:52 INFO  no build target found for /Users/Samuel/Desktop/Coding Projects/czechblogplay/build.sc. Using presentation compiler with project's scala-library version: 2.13.14
2024.09.04 13:55:52 INFO  time: code lens generation in 2.99s
2024.09.04 13:55:53 INFO  no build target found for /Users/Samuel/Desktop/Coding Projects/czechblogplay/build.sc. Using presentation compiler with project's scala-library version: 2.13.14
2024.09.04 13:56:02 INFO  compiling root (8 scala sources and 1 java source)
2024.09.04 13:56:05 WARN  javac exited with exit code 1
2024.09.04 13:56:05 INFO  time: compiled root in 2.92s
2024.09.04 14:01:55 INFO  compiling root (8 scala sources and 1 java source)
2024.09.04 14:01:58 WARN  javac exited with exit code 1
2024.09.04 14:01:58 INFO  time: compiled root in 2.92s
2024.09.04 14:01:58 INFO  compiling root (8 scala sources and 1 java source)
2024.09.04 14:02:00 WARN  javac exited with exit code 1
2024.09.04 14:02:00 INFO  time: compiled root in 2s
2024.09.04 14:02:35 INFO  compiling root (8 scala sources and 1 java source)
2024.09.04 14:02:38 WARN  javac exited with exit code 1
2024.09.04 14:02:38 INFO  time: compiled root in 2.92s
2024.09.04 14:02:38 INFO  compiling root (8 scala sources and 1 java source)
2024.09.04 14:02:40 WARN  javac exited with exit code 1
2024.09.04 14:02:40 INFO  time: compiled root in 1.66s
